<?xml version="1.0" encoding="UTF-8"?>
<testng-results skipped="0" failed="1" ignored="0" total="2" passed="1">
  <reporter-output>
  </reporter-output>
  <suite name="Default suite" duration-ms="17231" started-at="2022-11-02T19:22:16Z" finished-at="2022-11-02T19:22:34Z">
    <groups>
    </groups>
    <test name="Default test" duration-ms="17231" started-at="2022-11-02T19:22:16Z" finished-at="2022-11-02T19:22:34Z">
      <class name="testcases.tc4_BookWaitListAppointment">
        <test-method status="PASS" signature="setup()[pri:0, instance:testcases.tc4_BookWaitListAppointment@7c51f34b]" name="setup" is-config="true" duration-ms="5231" started-at="2022-11-03T03:22:16Z" finished-at="2022-11-03T03:22:22Z">
          <reporter-output>
          </reporter-output>
        </test-method> <!-- setup -->
        <test-method status="FAIL" signature="bookWaitListAppointment()[pri:0, instance:testcases.tc4_BookWaitListAppointment@7c51f34b]" name="bookWaitListAppointment" duration-ms="10085" started-at="2022-11-03T03:22:22Z" finished-at="2022-11-03T03:22:32Z">
          <exception class="org.openqa.selenium.NoSuchElementException">
            <message>
              <![CDATA[no such element: Unable to locate element: {"method":"xpath","selector":"//div[@class='cal-queue__item']/parent::div[contains (@class,'mobile__queue')]/ancestor::section[@class='scheduler']/preceding-sibling::section[@class='menu']/div/div[@class='admin-menu__menu']/div/following-sibling::div/ul[@class='admin-menu__items']/li[4]/button[@id='menu-add-appointment']"}
  (Session info: chrome=107.0.5304.88)
For documentation on this error, please visit: https://selenium.dev/exceptions/#no_such_element
Build info: version: '4.3.0', revision: 'a4995e2c09*'
System info: host: 'PHESL51147', ip: '192.168.1.9', os.name: 'Windows 10', os.arch: 'amd64', os.version: '10.0', java.version: '1.8.0_181'
Driver info: org.openqa.selenium.chrome.ChromeDriver
Command: [0ad8b23690231d7d0faca1a3516f5273, findElement {using=xpath, value=//div[@class='cal-queue__item']/parent::div[contains (@class,'mobile__queue')]/ancestor::section[@class='scheduler']/preceding-sibling::section[@class='menu']/div/div[@class='admin-menu__menu']/div/following-sibling::div/ul[@class='admin-menu__items']/li[4]/button[@id='menu-add-appointment']}]
Capabilities {acceptInsecureCerts: false, browserName: chrome, browserVersion: 107.0.5304.88, chrome: {chromedriverVersion: 107.0.5304.62 (1eec40d3a576..., userDataDir: C:\Users\CARYLL~1.ROL\AppDa...}, goog:chromeOptions: {debuggerAddress: localhost:57109}, networkConnectionEnabled: false, pageLoadStrategy: normal, platformName: WINDOWS, proxy: Proxy(), se:cdp: ws://localhost:57109/devtoo..., se:cdpVersion: 107.0.5304.88, setWindowRect: true, strictFileInteractability: false, timeouts: {implicit: 0, pageLoad: 300000, script: 30000}, unhandledPromptBehavior: dismiss and notify, webauthn:extension:credBlob: true, webauthn:extension:largeBlob: true, webauthn:virtualAuthenticators: true}
Session ID: 0ad8b23690231d7d0faca1a3516f5273]]>
            </message>
            <full-stacktrace>
              <![CDATA[org.openqa.selenium.NoSuchElementException: no such element: Unable to locate element: {"method":"xpath","selector":"//div[@class='cal-queue__item']/parent::div[contains (@class,'mobile__queue')]/ancestor::section[@class='scheduler']/preceding-sibling::section[@class='menu']/div/div[@class='admin-menu__menu']/div/following-sibling::div/ul[@class='admin-menu__items']/li[4]/button[@id='menu-add-appointment']"}
  (Session info: chrome=107.0.5304.88)
For documentation on this error, please visit: https://selenium.dev/exceptions/#no_such_element
Build info: version: '4.3.0', revision: 'a4995e2c09*'
System info: host: 'PHESL51147', ip: '192.168.1.9', os.name: 'Windows 10', os.arch: 'amd64', os.version: '10.0', java.version: '1.8.0_181'
Driver info: org.openqa.selenium.chrome.ChromeDriver
Command: [0ad8b23690231d7d0faca1a3516f5273, findElement {using=xpath, value=//div[@class='cal-queue__item']/parent::div[contains (@class,'mobile__queue')]/ancestor::section[@class='scheduler']/preceding-sibling::section[@class='menu']/div/div[@class='admin-menu__menu']/div/following-sibling::div/ul[@class='admin-menu__items']/li[4]/button[@id='menu-add-appointment']}]
Capabilities {acceptInsecureCerts: false, browserName: chrome, browserVersion: 107.0.5304.88, chrome: {chromedriverVersion: 107.0.5304.62 (1eec40d3a576..., userDataDir: C:\Users\CARYLL~1.ROL\AppDa...}, goog:chromeOptions: {debuggerAddress: localhost:57109}, networkConnectionEnabled: false, pageLoadStrategy: normal, platformName: WINDOWS, proxy: Proxy(), se:cdp: ws://localhost:57109/devtoo..., se:cdpVersion: 107.0.5304.88, setWindowRect: true, strictFileInteractability: false, timeouts: {implicit: 0, pageLoad: 300000, script: 30000}, unhandledPromptBehavior: dismiss and notify, webauthn:extension:credBlob: true, webauthn:extension:largeBlob: true, webauthn:virtualAuthenticators: true}
Session ID: 0ad8b23690231d7d0faca1a3516f5273
	at sun.reflect.NativeConstructorAccessorImpl.newInstance0(Native Method)
	at sun.reflect.NativeConstructorAccessorImpl.newInstance(NativeConstructorAccessorImpl.java:62)
	at sun.reflect.DelegatingConstructorAccessorImpl.newInstance(DelegatingConstructorAccessorImpl.java:45)
	at java.lang.reflect.Constructor.newInstance(Constructor.java:423)
	at org.openqa.selenium.remote.codec.w3c.W3CHttpResponseCodec.createException(W3CHttpResponseCodec.java:200)
	at org.openqa.selenium.remote.codec.w3c.W3CHttpResponseCodec.decode(W3CHttpResponseCodec.java:133)
	at org.openqa.selenium.remote.codec.w3c.W3CHttpResponseCodec.decode(W3CHttpResponseCodec.java:53)
	at org.openqa.selenium.remote.HttpCommandExecutor.execute(HttpCommandExecutor.java:184)
	at org.openqa.selenium.remote.service.DriverCommandExecutor.invokeExecute(DriverCommandExecutor.java:167)
	at org.openqa.selenium.remote.service.DriverCommandExecutor.execute(DriverCommandExecutor.java:142)
	at org.openqa.selenium.remote.RemoteWebDriver.execute(RemoteWebDriver.java:569)
	at org.openqa.selenium.remote.ElementLocation$ElementFinder$2.findElement(ElementLocation.java:162)
	at org.openqa.selenium.remote.ElementLocation.findElement(ElementLocation.java:60)
	at org.openqa.selenium.remote.RemoteWebDriver.findElement(RemoteWebDriver.java:387)
	at org.openqa.selenium.remote.RemoteWebDriver.findElement(RemoteWebDriver.java:379)
	at testcases.tc4_BookWaitListAppointment.bookWaitListAppointment(tc4_BookWaitListAppointment.java:53)
	at sun.reflect.NativeMethodAccessorImpl.invoke0(Native Method)
	at sun.reflect.NativeMethodAccessorImpl.invoke(NativeMethodAccessorImpl.java:62)
	at sun.reflect.DelegatingMethodAccessorImpl.invoke(DelegatingMethodAccessorImpl.java:43)
	at java.lang.reflect.Method.invoke(Method.java:498)
	at org.testng.internal.MethodInvocationHelper.invokeMethod(MethodInvocationHelper.java:108)
	at org.testng.internal.Invoker.invokeMethod(Invoker.java:661)
	at org.testng.internal.Invoker.invokeTestMethod(Invoker.java:869)
	at org.testng.internal.Invoker.invokeTestMethods(Invoker.java:1193)
	at org.testng.internal.TestMethodWorker.invokeTestMethods(TestMethodWorker.java:126)
	at org.testng.internal.TestMethodWorker.run(TestMethodWorker.java:109)
	at org.testng.TestRunner.privateRun(TestRunner.java:744)
	at org.testng.TestRunner.run(TestRunner.java:602)
	at org.testng.SuiteRunner.runTest(SuiteRunner.java:380)
	at org.testng.SuiteRunner.runSequentially(SuiteRunner.java:375)
	at org.testng.SuiteRunner.privateRun(SuiteRunner.java:340)
	at org.testng.SuiteRunner.run(SuiteRunner.java:289)
	at org.testng.SuiteRunnerWorker.runSuite(SuiteRunnerWorker.java:52)
	at org.testng.SuiteRunnerWorker.run(SuiteRunnerWorker.java:86)
	at org.testng.TestNG.runSuitesSequentially(TestNG.java:1301)
	at org.testng.TestNG.runSuitesLocally(TestNG.java:1226)
	at org.testng.TestNG.runSuites(TestNG.java:1144)
	at org.testng.TestNG.run(TestNG.java:1115)
	at org.testng.remote.AbstractRemoteTestNG.run(AbstractRemoteTestNG.java:115)
	at org.testng.remote.RemoteTestNG.initAndRun(RemoteTestNG.java:251)
	at org.testng.remote.RemoteTestNG.main(RemoteTestNG.java:77)
]]>
            </full-stacktrace>
          </exception> <!-- org.openqa.selenium.NoSuchElementException -->
          <reporter-output>
          </reporter-output>
        </test-method> <!-- bookWaitListAppointment -->
        <test-method status="PASS" signature="loginToStellest()[pri:0, instance:testcases.tc4_BookWaitListAppointment@7c51f34b]" name="loginToStellest" duration-ms="1873" started-at="2022-11-03T03:22:32Z" finished-at="2022-11-03T03:22:34Z">
          <reporter-output>
          </reporter-output>
        </test-method> <!-- loginToStellest -->
      </class> <!-- testcases.tc4_BookWaitListAppointment -->
    </test> <!-- Default test -->
  </suite> <!-- Default suite -->
</testng-results>
